Start testing: Jan 09 09:43 CET
----------------------------------------------------------
1/1 Testing: SimpleTest
1/1 Test: SimpleTest
Command: "/home/iut45/Etudiants/o22106917/WinHome/Multimedia/TD5/b/td"
Directory: /home/iut45/Etudiants/o22106917/WinHome/Multimedia/TD5/b
"SimpleTest" start time: Jan 09 09:43 CET
Output:
----------------------------------------------------------
81006.42372
<end of output>
Test time =   1.96 sec
----------------------------------------------------------
Test Passed.
"SimpleTest" end time: Jan 09 09:43 CET
"SimpleTest" time elapsed: 00:00:01
----------------------------------------------------------

End testing: Jan 09 09:43 CET
